<?xml version="1.0" encoding="UTF-8"?>
<!-- Generated by org.testng.reporters.JUnitReportReporter -->
<testsuite hostname="DESKTOP-NAB73NK" failures="0" tests="1" name="app2.TestApp2" time="9.361" errors="0" timestamp="2022-07-19T22:58:07 IST" skipped="0">
  <testcase classname="app2.TestApp2" name="testingApp" time="9.361"/>
  <system-out/>
</testsuite> <!-- app2.TestApp2 -->
