<?xml version="1.0" encoding="UTF-8"?>
<!-- Generated by org.testng.reporters.JUnitReportReporter -->
<testsuite hostname="DESKTOP-NAB73NK" failures="0" tests="1" name="app2.TestApp" time="0.021" errors="0" timestamp="2022-07-10T18:37:13 IST" skipped="0">
  <testcase classname="app2.TestApp" name="test_01" time="0.021"/>
  <system-out>
    <![CDATA[Test Started in browser Chrome]]>
  </system-out>
</testsuite> <!-- app2.TestApp -->
